2023-02-21 10:28:09 - INFO - 4319659392 - start task, config: /Users/caiqinyu/Desktop/Project/rust/cdc.yaml, type: mysql_to_mysql_cdc
2023-02-21 10:28:09 - INFO - 4319659392 - SET sql_mode=(SELECT CONCAT(@@sql_mode, ',PIPES_AS_CONCAT,NO_ENGINE_SUBSTITUTION')),time_zone='+00:00',NAMES …; rows affected: 0, rows returned: 0, elapsed: 2.640ms

SET
  sql_mode =(
    SELECT
      CONCAT(
        @ @sql_mode,
        ',PIPES_AS_CONCAT,NO_ENGINE_SUBSTITUTION'
      )
  ),
  time_zone = '+00:00',
  NAMES utf8mb4 COLLATE utf8mb4_unicode_ci;

2023-02-21 10:28:09 - DEBUG - 4319659392 - No cached session for IpAddress(127.0.0.1)
2023-02-21 10:28:09 - DEBUG - 4319659392 - Not resuming any session
2023-02-21 10:28:09 - DEBUG - 4319659392 - Using ciphersuite TLS13_AES_256_GCM_SHA384
2023-02-21 10:28:09 - DEBUG - 4319659392 - Not resuming
2023-02-21 10:28:09 - DEBUG - 4319659392 - TLS1.3 encrypted extensions: []
2023-02-21 10:28:09 - DEBUG - 4319659392 - ALPN protocol is None
2023-02-21 10:28:09 - DEBUG - 4319659392 - Got CertificateRequest CertificateRequestPayloadTLS13 { context: , extensions: [SignatureAlgorithms([ECDSA_NISTP256_SHA256, ECDSA_NISTP384_SHA384, ECDSA_NISTP521_SHA512, ED25519, ED448, Unknown(2057), RSA_PSS_SHA256, Unknown(2058), RSA_PSS_SHA384, Unknown(2059), RSA_PSS_SHA512, RSA_PKCS1_SHA256, RSA_PKCS1_SHA384, RSA_PKCS1_SHA512, Unknown(771), Unknown(769), ECDSA_SHA1_Legacy, RSA_PKCS1_SHA1])] }
2023-02-21 10:28:09 - DEBUG - 4319659392 - Client auth requested but no cert/sigscheme available
2023-02-21 10:28:09 - DEBUG - 4319659392 - Ticket saved
2023-02-21 10:28:09 - DEBUG - 4319659392 - Ticket saved
2023-02-21 10:28:09 - INFO - 4319659392 - SET sql_mode=(SELECT CONCAT(@@sql_mode, ',PIPES_AS_CONCAT,NO_ENGINE_SUBSTITUTION')),time_zone='+00:00',NAMES …; rows affected: 0, rows returned: 0, elapsed: 1.181ms

SET
  sql_mode =(
    SELECT
      CONCAT(
        @ @sql_mode,
        ',PIPES_AS_CONCAT,NO_ENGINE_SUBSTITUTION'
      )
  ),
  time_zone = '+00:00',
  NAMES utf8mb4 COLLATE utf8mb4_unicode_ci;

2023-02-21 10:28:09 - INFO - 4319659392 - SELECT VERSION(); rows affected: 0, rows returned: 1, elapsed: 2.341ms
2023-02-21 10:28:09 - INFO - 4319659392 - SELECT TIMESTAMPDIFF(SECOND, UTC_TIMESTAMP, NOW()); rows affected: 0, rows returned: 1, elapsed: 2.253ms
2023-02-21 10:28:09 - INFO - 4319659392 - SELECT VERSION(); rows affected: 0, rows returned: 1, elapsed: 1.955ms
2023-02-21 10:28:09 - DEBUG - 4319659392 - No cached session for IpAddress(127.0.0.1)
2023-02-21 10:28:09 - DEBUG - 4319659392 - Not resuming any session
2023-02-21 10:28:09 - DEBUG - 4319659392 - Using ciphersuite TLS13_AES_256_GCM_SHA384
2023-02-21 10:28:09 - DEBUG - 4319659392 - Not resuming
2023-02-21 10:28:09 - DEBUG - 4319659392 - TLS1.3 encrypted extensions: []
2023-02-21 10:28:09 - DEBUG - 4319659392 - ALPN protocol is None
2023-02-21 10:28:09 - DEBUG - 4319659392 - Got CertificateRequest CertificateRequestPayloadTLS13 { context: , extensions: [SignatureAlgorithms([ECDSA_NISTP256_SHA256, ECDSA_NISTP384_SHA384, ECDSA_NISTP521_SHA512, ED25519, ED448, Unknown(2057), RSA_PSS_SHA256, Unknown(2058), RSA_PSS_SHA384, Unknown(2059), RSA_PSS_SHA512, RSA_PKCS1_SHA256, RSA_PKCS1_SHA384, RSA_PKCS1_SHA512, Unknown(771), Unknown(769), ECDSA_SHA1_Legacy, RSA_PKCS1_SHA1])] }
2023-02-21 10:28:09 - DEBUG - 4319659392 - Client auth requested but no cert/sigscheme available
2023-02-21 10:28:09 - DEBUG - 4319659392 - Ticket saved
2023-02-21 10:28:09 - DEBUG - 4319659392 - Ticket saved
2023-02-21 10:28:09 - INFO - 4319659392 - SET sql_mode=(SELECT CONCAT(@@sql_mode, ',PIPES_AS_CONCAT,NO_ENGINE_SUBSTITUTION')),time_zone='+00:00',NAMES …; rows affected: 0, rows returned: 0, elapsed: 1.289ms

SET
  sql_mode =(
    SELECT
      CONCAT(
        @ @sql_mode,
        ',PIPES_AS_CONCAT,NO_ENGINE_SUBSTITUTION'
      )
  ),
  time_zone = '+00:00',
  NAMES utf8mb4 COLLATE utf8mb4_unicode_ci;

2023-02-21 10:28:09 - INFO - 4319659392 - SELECT TIMESTAMPDIFF(SECOND, UTC_TIMESTAMP, NOW()); rows affected: 0, rows returned: 1, elapsed: 2.965ms
2023-02-21 10:28:09 - INFO - 4319659392 - start extracting binlog, binlog_filename: binlog.000012, binlog_position: 795
2023-02-21 10:37:06 - INFO - 4319659392 - start task, config: /Users/caiqinyu/Desktop/Project/rust/cdc.yaml, type: mysql_to_mysql_cdc
2023-02-21 10:37:06 - INFO - 4319659392 - SET sql_mode=(SELECT CONCAT(@@sql_mode, ',PIPES_AS_CONCAT,NO_ENGINE_SUBSTITUTION')),time_zone='+00:00',NAMES …; rows affected: 0, rows returned: 0, elapsed: 1.372ms

SET
  sql_mode =(
    SELECT
      CONCAT(
        @ @sql_mode,
        ',PIPES_AS_CONCAT,NO_ENGINE_SUBSTITUTION'
      )
  ),
  time_zone = '+00:00',
  NAMES utf8mb4 COLLATE utf8mb4_unicode_ci;

2023-02-21 10:37:06 - DEBUG - 4319659392 - No cached session for IpAddress(127.0.0.1)
2023-02-21 10:37:06 - DEBUG - 4319659392 - Not resuming any session
2023-02-21 10:37:06 - DEBUG - 4319659392 - Using ciphersuite TLS13_AES_256_GCM_SHA384
2023-02-21 10:37:06 - DEBUG - 4319659392 - Not resuming
2023-02-21 10:37:06 - DEBUG - 4319659392 - TLS1.3 encrypted extensions: []
2023-02-21 10:37:06 - DEBUG - 4319659392 - ALPN protocol is None
2023-02-21 10:37:06 - DEBUG - 4319659392 - Got CertificateRequest CertificateRequestPayloadTLS13 { context: , extensions: [SignatureAlgorithms([ECDSA_NISTP256_SHA256, ECDSA_NISTP384_SHA384, ECDSA_NISTP521_SHA512, ED25519, ED448, Unknown(2057), RSA_PSS_SHA256, Unknown(2058), RSA_PSS_SHA384, Unknown(2059), RSA_PSS_SHA512, RSA_PKCS1_SHA256, RSA_PKCS1_SHA384, RSA_PKCS1_SHA512, Unknown(771), Unknown(769), ECDSA_SHA1_Legacy, RSA_PKCS1_SHA1])] }
2023-02-21 10:37:06 - DEBUG - 4319659392 - Client auth requested but no cert/sigscheme available
2023-02-21 10:37:06 - DEBUG - 4319659392 - Ticket saved
2023-02-21 10:37:06 - DEBUG - 4319659392 - Ticket saved
2023-02-21 10:37:06 - INFO - 4319659392 - SET sql_mode=(SELECT CONCAT(@@sql_mode, ',PIPES_AS_CONCAT,NO_ENGINE_SUBSTITUTION')),time_zone='+00:00',NAMES …; rows affected: 0, rows returned: 0, elapsed: 1.616ms

SET
  sql_mode =(
    SELECT
      CONCAT(
        @ @sql_mode,
        ',PIPES_AS_CONCAT,NO_ENGINE_SUBSTITUTION'
      )
  ),
  time_zone = '+00:00',
  NAMES utf8mb4 COLLATE utf8mb4_unicode_ci;

2023-02-21 10:37:06 - INFO - 4319659392 - SELECT VERSION(); rows affected: 0, rows returned: 1, elapsed: 2.379ms
2023-02-21 10:37:06 - INFO - 4319659392 - SELECT TIMESTAMPDIFF(SECOND, UTC_TIMESTAMP, NOW()); rows affected: 0, rows returned: 1, elapsed: 2.235ms
2023-02-21 10:37:06 - INFO - 4319659392 - SELECT VERSION(); rows affected: 0, rows returned: 1, elapsed: 1.697ms
2023-02-21 10:37:06 - DEBUG - 4319659392 - No cached session for IpAddress(127.0.0.1)
2023-02-21 10:37:06 - DEBUG - 4319659392 - Not resuming any session
2023-02-21 10:37:06 - DEBUG - 4319659392 - Using ciphersuite TLS13_AES_256_GCM_SHA384
2023-02-21 10:37:06 - DEBUG - 4319659392 - Not resuming
2023-02-21 10:37:06 - DEBUG - 4319659392 - TLS1.3 encrypted extensions: []
2023-02-21 10:37:06 - DEBUG - 4319659392 - ALPN protocol is None
2023-02-21 10:37:06 - DEBUG - 4319659392 - Got CertificateRequest CertificateRequestPayloadTLS13 { context: , extensions: [SignatureAlgorithms([ECDSA_NISTP256_SHA256, ECDSA_NISTP384_SHA384, ECDSA_NISTP521_SHA512, ED25519, ED448, Unknown(2057), RSA_PSS_SHA256, Unknown(2058), RSA_PSS_SHA384, Unknown(2059), RSA_PSS_SHA512, RSA_PKCS1_SHA256, RSA_PKCS1_SHA384, RSA_PKCS1_SHA512, Unknown(771), Unknown(769), ECDSA_SHA1_Legacy, RSA_PKCS1_SHA1])] }
2023-02-21 10:37:06 - DEBUG - 4319659392 - Client auth requested but no cert/sigscheme available
2023-02-21 10:37:06 - DEBUG - 4319659392 - Ticket saved
2023-02-21 10:37:06 - DEBUG - 4319659392 - Ticket saved
2023-02-21 10:37:06 - INFO - 4319659392 - SET sql_mode=(SELECT CONCAT(@@sql_mode, ',PIPES_AS_CONCAT,NO_ENGINE_SUBSTITUTION')),time_zone='+00:00',NAMES …; rows affected: 0, rows returned: 0, elapsed: 1.078ms

SET
  sql_mode =(
    SELECT
      CONCAT(
        @ @sql_mode,
        ',PIPES_AS_CONCAT,NO_ENGINE_SUBSTITUTION'
      )
  ),
  time_zone = '+00:00',
  NAMES utf8mb4 COLLATE utf8mb4_unicode_ci;

2023-02-21 10:37:06 - INFO - 4319659392 - SELECT TIMESTAMPDIFF(SECOND, UTC_TIMESTAMP, NOW()); rows affected: 0, rows returned: 1, elapsed: 2.709ms
2023-02-21 10:37:06 - INFO - 4319659392 - start extracting binlog, binlog_filename: binlog.000012, binlog_position: 795
2023-02-21 11:20:23 - INFO - 4319659392 - start task, config: /Users/caiqinyu/Desktop/Project/rust/cdc.yaml, type: mysql_to_mysql_cdc
2023-02-21 11:22:39 - INFO - 4319659392 - start task, config: /Users/caiqinyu/Desktop/Project/rust/cdc.yaml, type: mysql_to_mysql_cdc
2023-02-21 11:22:39 - INFO - 4319659392 - SET sql_mode=(SELECT CONCAT(@@sql_mode, ',PIPES_AS_CONCAT,NO_ENGINE_SUBSTITUTION')),time_zone='+00:00',NAMES …; rows affected: 0, rows returned: 0, elapsed: 1.053ms

SET
  sql_mode =(
    SELECT
      CONCAT(
        @ @sql_mode,
        ',PIPES_AS_CONCAT,NO_ENGINE_SUBSTITUTION'
      )
  ),
  time_zone = '+00:00',
  NAMES utf8mb4 COLLATE utf8mb4_unicode_ci;

2023-02-21 11:22:39 - DEBUG - 4319659392 - No cached session for IpAddress(127.0.0.1)
2023-02-21 11:22:39 - DEBUG - 4319659392 - Not resuming any session
2023-02-21 11:22:39 - DEBUG - 4319659392 - Using ciphersuite TLS13_AES_256_GCM_SHA384
2023-02-21 11:22:39 - DEBUG - 4319659392 - Not resuming
2023-02-21 11:22:39 - DEBUG - 4319659392 - TLS1.3 encrypted extensions: []
2023-02-21 11:22:39 - DEBUG - 4319659392 - ALPN protocol is None
2023-02-21 11:22:39 - DEBUG - 4319659392 - Got CertificateRequest CertificateRequestPayloadTLS13 { context: , extensions: [SignatureAlgorithms([ECDSA_NISTP256_SHA256, ECDSA_NISTP384_SHA384, ECDSA_NISTP521_SHA512, ED25519, ED448, Unknown(2057), RSA_PSS_SHA256, Unknown(2058), RSA_PSS_SHA384, Unknown(2059), RSA_PSS_SHA512, RSA_PKCS1_SHA256, RSA_PKCS1_SHA384, RSA_PKCS1_SHA512, Unknown(771), Unknown(769), ECDSA_SHA1_Legacy, RSA_PKCS1_SHA1])] }
2023-02-21 11:22:39 - DEBUG - 4319659392 - Client auth requested but no cert/sigscheme available
2023-02-21 11:22:39 - DEBUG - 4319659392 - Ticket saved
2023-02-21 11:22:39 - DEBUG - 4319659392 - Ticket saved
2023-02-21 11:22:39 - INFO - 4319659392 - SET sql_mode=(SELECT CONCAT(@@sql_mode, ',PIPES_AS_CONCAT,NO_ENGINE_SUBSTITUTION')),time_zone='+00:00',NAMES …; rows affected: 0, rows returned: 0, elapsed: 1.476ms

SET
  sql_mode =(
    SELECT
      CONCAT(
        @ @sql_mode,
        ',PIPES_AS_CONCAT,NO_ENGINE_SUBSTITUTION'
      )
  ),
  time_zone = '+00:00',
  NAMES utf8mb4 COLLATE utf8mb4_unicode_ci;

2023-02-21 11:22:39 - INFO - 4319659392 - SELECT VERSION(); rows affected: 0, rows returned: 1, elapsed: 2.166ms
2023-02-21 11:22:39 - INFO - 4319659392 - SELECT TIMESTAMPDIFF(SECOND, UTC_TIMESTAMP, NOW()); rows affected: 0, rows returned: 1, elapsed: 2.062ms
2023-02-21 11:22:39 - INFO - 4319659392 - SELECT VERSION(); rows affected: 0, rows returned: 1, elapsed: 1.929ms
2023-02-21 11:22:39 - DEBUG - 4319659392 - No cached session for IpAddress(127.0.0.1)
2023-02-21 11:22:39 - DEBUG - 4319659392 - Not resuming any session
2023-02-21 11:22:39 - DEBUG - 4319659392 - Using ciphersuite TLS13_AES_256_GCM_SHA384
2023-02-21 11:22:39 - DEBUG - 4319659392 - Not resuming
2023-02-21 11:22:39 - DEBUG - 4319659392 - TLS1.3 encrypted extensions: []
2023-02-21 11:22:39 - DEBUG - 4319659392 - ALPN protocol is None
2023-02-21 11:22:39 - DEBUG - 4319659392 - Got CertificateRequest CertificateRequestPayloadTLS13 { context: , extensions: [SignatureAlgorithms([ECDSA_NISTP256_SHA256, ECDSA_NISTP384_SHA384, ECDSA_NISTP521_SHA512, ED25519, ED448, Unknown(2057), RSA_PSS_SHA256, Unknown(2058), RSA_PSS_SHA384, Unknown(2059), RSA_PSS_SHA512, RSA_PKCS1_SHA256, RSA_PKCS1_SHA384, RSA_PKCS1_SHA512, Unknown(771), Unknown(769), ECDSA_SHA1_Legacy, RSA_PKCS1_SHA1])] }
2023-02-21 11:22:39 - DEBUG - 4319659392 - Client auth requested but no cert/sigscheme available
2023-02-21 11:22:39 - DEBUG - 4319659392 - Ticket saved
2023-02-21 11:22:39 - DEBUG - 4319659392 - Ticket saved
2023-02-21 11:22:39 - INFO - 4319659392 - SET sql_mode=(SELECT CONCAT(@@sql_mode, ',PIPES_AS_CONCAT,NO_ENGINE_SUBSTITUTION')),time_zone='+00:00',NAMES …; rows affected: 0, rows returned: 0, elapsed: 1.145ms

SET
  sql_mode =(
    SELECT
      CONCAT(
        @ @sql_mode,
        ',PIPES_AS_CONCAT,NO_ENGINE_SUBSTITUTION'
      )
  ),
  time_zone = '+00:00',
  NAMES utf8mb4 COLLATE utf8mb4_unicode_ci;

2023-02-21 11:22:39 - INFO - 4319659392 - SELECT TIMESTAMPDIFF(SECOND, UTC_TIMESTAMP, NOW()); rows affected: 0, rows returned: 1, elapsed: 2.400ms
2023-02-21 11:22:39 - INFO - 4319659392 - start extracting binlog, binlog_filename: binlog.000012, binlog_position: 795
